<?xml version="1.0" encoding="UTF-8"?>
<!-- Generated by org.testng.reporters.JUnitReportReporter -->
<testsuite hostname="DESKTOP-AI2VC59" name="Testng_Package.Demo2" tests="1" failures="0" timestamp="30 Jun 2020 13:34:30 GMT" time="0.015" errors="0">
  <testcase name="test2" time="0.015" classname="Testng_Package.Demo2"/>
</testsuite> <!-- Testng_Package.Demo2 -->
