<?xml version="1.0" encoding="UTF-8"?>
<!-- Generated by org.testng.reporters.JUnitReportReporter -->
<testsuite hostname="DESKTOP-AI2VC59" name="Testng_Package.Demo4" tests="4" failures="0" timestamp="30 Jun 2020 14:10:52 GMT" time="0.031" errors="0">
  <testcase name="test2" time="0.000" classname="Testng_Package.Demo4"/>
  <testcase name="test1" time="0.015" classname="Testng_Package.Demo4"/>
  <testcase name="test1" time="0.016" classname="Testng_Package.Demo4"/>
  <testcase name="test1" time="0.000" classname="Testng_Package.Demo4"/>
</testsuite> <!-- Testng_Package.Demo4 -->
