<?xml version="1.0" encoding="UTF-8"?>
<!-- Generated by org.testng.reporters.JUnitReportReporter -->
<testsuite hostname="DESKTOP-AI2VC59" name="Testng_Package.Demo3" tests="1" failures="0" timestamp="30 Jun 2020 13:45:49 GMT" time="0.000" errors="0">
  <testcase name="test3" time="0.000" classname="Testng_Package.Demo3"/>
</testsuite> <!-- Testng_Package.Demo3 -->
