<?xml version="1.0" encoding="UTF-8"?>
<!-- Generated by org.testng.reporters.JUnitReportReporter -->
<testsuite hostname="DESKTOP-AI2VC59" name="Testng_Package.Demo5" tests="1" failures="0" timestamp="30 Jun 2020 14:12:53 GMT" time="0.016" errors="0">
  <testcase name="test2" time="0.016" classname="Testng_Package.Demo5"/>
</testsuite> <!-- Testng_Package.Demo5 -->
