<?xml version="1.0" encoding="UTF-8"?>
<!-- Generated by org.testng.reporters.JUnitReportReporter -->
<testsuite hostname="DESKTOP-AI2VC59" name="pom_concepts.actitime_login" tests="1" failures="0" timestamp="5 Jul 2020 07:45:01 GMT" time="9.761" errors="0">
  <testcase name="login_actitime" time="9.761" classname="pom_concepts.actitime_login"/>
</testsuite> <!-- pom_concepts.actitime_login -->
