<?xml version="1.0" encoding="UTF-8"?>
<!-- Generated by org.testng.reporters.JUnitReportReporter -->
<testsuite hostname="DESKTOP-AI2VC59" name="pom_concepts.fb_login" tests="1" failures="0" timestamp="6 Jul 2020 18:38:25 GMT" time="21.605" errors="0">
  <testcase name="facebook_login" time="21.605" classname="pom_concepts.fb_login"/>
</testsuite> <!-- pom_concepts.fb_login -->
