<?xml version="1.0" encoding="UTF-8"?>
<!-- Generated by org.testng.reporters.JUnitReportReporter -->
<testsuite hostname="DESKTOP-AI2VC59" name="Testng_Package.Testcase1" tests="1" failures="0" timestamp="2 Jul 2020 14:30:34 GMT" time="14.357" errors="0">
  <testcase name="test1" time="14.357" classname="Testng_Package.Testcase1"/>
</testsuite> <!-- Testng_Package.Testcase1 -->
